<?xml version="1.0" encoding="UTF-8"?>
<!-- Generated by org.testng.reporters.JUnitReportReporter -->
<testsuite hostname="DESKTOP-RG6HM4D" failures="0" tests="1" name="org.example.Pagebin_Project_Test" time="28.194" errors="0" timestamp="2023-05-03T22:02:07 IST" skipped="0">
  <testcase classname="org.example.Pagebin_Project_Test" name="loginverification" time="28.194"/>
  <system-out/>
</testsuite> <!-- org.example.Pagebin_Project_Test -->
