<?xml version="1.0" encoding="UTF-8"?>
<!-- Generated by org.testng.reporters.JUnitReportReporter -->
<testsuite hostname="DESKTOP-RG6HM4D" failures="0" tests="4" name="org.example.Google_Price_Cal_Test" time="47.950" errors="0" timestamp="2023-05-03T22:02:07 IST" skipped="0">
  <testcase classname="org.example.Google_Price_Cal_Test" name="check_Data_is_correct" time="0.001"/>
  <system-out/>
  <testcase classname="org.example.Google_Price_Cal_Test" name="checkInformationInVmClassString" time="24.238"/>
  <system-out/>
  <testcase classname="org.example.Google_Price_Cal_Test" name="checkInformationInVmClassString" time="23.706"/>
  <system-out/>
  <testcase classname="org.example.Google_Price_Cal_Test" name="check_Data_is_correct" time="0.005"/>
  <system-out/>
</testsuite> <!-- org.example.Google_Price_Cal_Test -->
